Running tests under Python 3.6.8: /home/hayward-admin/anaconda3/bin/python3
[ RUN      ] absl.testing.parameterized.EnforceAPIFullTree_cliff_walking_Test.test_constant_sum
[       OK ] absl.testing.parameterized.EnforceAPIFullTree_cliff_walking_Test.test_constant_sum
[ RUN      ] absl.testing.parameterized.EnforceAPIFullTree_cliff_walking_Test.test_current_player_infosets_no_overlap_between_players
[       OK ] absl.testing.parameterized.EnforceAPIFullTree_cliff_walking_Test.test_current_player_infosets_no_overlap_between_players
[ RUN      ] absl.testing.parameterized.EnforceAPIFullTree_cliff_walking_Test.test_current_player_returns_terminal_player_on_terminal_nodes
[       OK ] absl.testing.parameterized.EnforceAPIFullTree_cliff_walking_Test.test_current_player_returns_terminal_player_on_terminal_nodes
[ RUN      ] absl.testing.parameterized.EnforceAPIFullTree_cliff_walking_Test.test_game_is_perfect_recall
[       OK ] absl.testing.parameterized.EnforceAPIFullTree_cliff_walking_Test.test_game_is_perfect_recall
[ RUN      ] absl.testing.parameterized.EnforceAPIFullTree_cliff_walking_Test.test_information_state_functions_raises_on_chance_nodes
[       OK ] absl.testing.parameterized.EnforceAPIFullTree_cliff_walking_Test.test_information_state_functions_raises_on_chance_nodes
[ RUN      ] absl.testing.parameterized.EnforceAPIFullTree_cliff_walking_Test.test_information_state_no_argument_raises_on_terminal_nodes
[       OK ] absl.testing.parameterized.EnforceAPIFullTree_cliff_walking_Test.test_information_state_no_argument_raises_on_terminal_nodes
[ RUN      ] absl.testing.parameterized.EnforceAPIFullTree_cliff_walking_Test.test_legal_actions_empty
[       OK ] absl.testing.parameterized.EnforceAPIFullTree_cliff_walking_Test.test_legal_actions_empty
[ RUN      ] absl.testing.parameterized.EnforceAPIFullTree_cliff_walking_Test.test_number_of_nodes
[       OK ] absl.testing.parameterized.EnforceAPIFullTree_cliff_walking_Test.test_number_of_nodes
[ RUN      ] absl.testing.parameterized.EnforceAPIFullTree_kuhn_poker_Test.test_constant_sum
[       OK ] absl.testing.parameterized.EnforceAPIFullTree_kuhn_poker_Test.test_constant_sum
[ RUN      ] absl.testing.parameterized.EnforceAPIFullTree_kuhn_poker_Test.test_current_player_infosets_no_overlap_between_players
[       OK ] absl.testing.parameterized.EnforceAPIFullTree_kuhn_poker_Test.test_current_player_infosets_no_overlap_between_players
[ RUN      ] absl.testing.parameterized.EnforceAPIFullTree_kuhn_poker_Test.test_current_player_returns_terminal_player_on_terminal_nodes
[       OK ] absl.testing.parameterized.EnforceAPIFullTree_kuhn_poker_Test.test_current_player_returns_terminal_player_on_terminal_nodes
[ RUN      ] absl.testing.parameterized.EnforceAPIFullTree_kuhn_poker_Test.test_game_is_perfect_recall
[       OK ] absl.testing.parameterized.EnforceAPIFullTree_kuhn_poker_Test.test_game_is_perfect_recall
[ RUN      ] absl.testing.parameterized.EnforceAPIFullTree_kuhn_poker_Test.test_information_state_functions_raises_on_chance_nodes
[       OK ] absl.testing.parameterized.EnforceAPIFullTree_kuhn_poker_Test.test_information_state_functions_raises_on_chance_nodes
[ RUN      ] absl.testing.parameterized.EnforceAPIFullTree_kuhn_poker_Test.test_information_state_no_argument_raises_on_terminal_nodes
[       OK ] absl.testing.parameterized.EnforceAPIFullTree_kuhn_poker_Test.test_information_state_no_argument_raises_on_terminal_nodes
[ RUN      ] absl.testing.parameterized.EnforceAPIFullTree_kuhn_poker_Test.test_legal_actions_empty
[       OK ] absl.testing.parameterized.EnforceAPIFullTree_kuhn_poker_Test.test_legal_actions_empty
[ RUN      ] absl.testing.parameterized.EnforceAPIFullTree_kuhn_poker_Test.test_number_of_nodes
[       OK ] absl.testing.parameterized.EnforceAPIFullTree_kuhn_poker_Test.test_number_of_nodes
[ RUN      ] absl.testing.parameterized.EnforceAPIFullTree_leduc_poker_Test.test_constant_sum
[       OK ] absl.testing.parameterized.EnforceAPIFullTree_leduc_poker_Test.test_constant_sum
[ RUN      ] absl.testing.parameterized.EnforceAPIFullTree_leduc_poker_Test.test_current_player_infosets_no_overlap_between_players
[       OK ] absl.testing.parameterized.EnforceAPIFullTree_leduc_poker_Test.test_current_player_infosets_no_overlap_between_players
[ RUN      ] absl.testing.parameterized.EnforceAPIFullTree_leduc_poker_Test.test_current_player_returns_terminal_player_on_terminal_nodes
[       OK ] absl.testing.parameterized.EnforceAPIFullTree_leduc_poker_Test.test_current_player_returns_terminal_player_on_terminal_nodes
[ RUN      ] absl.testing.parameterized.EnforceAPIFullTree_leduc_poker_Test.test_game_is_perfect_recall
[       OK ] absl.testing.parameterized.EnforceAPIFullTree_leduc_poker_Test.test_game_is_perfect_recall
[ RUN      ] absl.testing.parameterized.EnforceAPIFullTree_leduc_poker_Test.test_information_state_functions_raises_on_chance_nodes
[       OK ] absl.testing.parameterized.EnforceAPIFullTree_leduc_poker_Test.test_information_state_functions_raises_on_chance_nodes
[ RUN      ] absl.testing.parameterized.EnforceAPIFullTree_leduc_poker_Test.test_information_state_no_argument_raises_on_terminal_nodes
[       OK ] absl.testing.parameterized.EnforceAPIFullTree_leduc_poker_Test.test_information_state_no_argument_raises_on_terminal_nodes
[ RUN      ] absl.testing.parameterized.EnforceAPIFullTree_leduc_poker_Test.test_legal_actions_empty
[       OK ] absl.testing.parameterized.EnforceAPIFullTree_leduc_poker_Test.test_legal_actions_empty
[ RUN      ] absl.testing.parameterized.EnforceAPIFullTree_leduc_poker_Test.test_number_of_nodes
[       OK ] absl.testing.parameterized.EnforceAPIFullTree_leduc_poker_Test.test_number_of_nodes
[ RUN      ] absl.testing.parameterized.EnforceAPIFullTree_iigoofspiel4_Test.test_constant_sum
[       OK ] absl.testing.parameterized.EnforceAPIFullTree_iigoofspiel4_Test.test_constant_sum
[ RUN      ] absl.testing.parameterized.EnforceAPIFullTree_iigoofspiel4_Test.test_current_player_infosets_no_overlap_between_players
[       OK ] absl.testing.parameterized.EnforceAPIFullTree_iigoofspiel4_Test.test_current_player_infosets_no_overlap_between_players
[ RUN      ] absl.testing.parameterized.EnforceAPIFullTree_iigoofspiel4_Test.test_current_player_returns_terminal_player_on_terminal_nodes
[       OK ] absl.testing.parameterized.EnforceAPIFullTree_iigoofspiel4_Test.test_current_player_returns_terminal_player_on_terminal_nodes
[ RUN      ] absl.testing.parameterized.EnforceAPIFullTree_iigoofspiel4_Test.test_game_is_perfect_recall
[       OK ] absl.testing.parameterized.EnforceAPIFullTree_iigoofspiel4_Test.test_game_is_perfect_recall
[ RUN      ] absl.testing.parameterized.EnforceAPIFullTree_iigoofspiel4_Test.test_information_state_functions_raises_on_chance_nodes
[       OK ] absl.testing.parameterized.EnforceAPIFullTree_iigoofspiel4_Test.test_information_state_functions_raises_on_chance_nodes
[ RUN      ] absl.testing.parameterized.EnforceAPIFullTree_iigoofspiel4_Test.test_information_state_no_argument_raises_on_terminal_nodes
[       OK ] absl.testing.parameterized.EnforceAPIFullTree_iigoofspiel4_Test.test_information_state_no_argument_raises_on_terminal_nodes
[ RUN      ] absl.testing.parameterized.EnforceAPIFullTree_iigoofspiel4_Test.test_legal_actions_empty
[       OK ] absl.testing.parameterized.EnforceAPIFullTree_iigoofspiel4_Test.test_legal_actions_empty
[ RUN      ] absl.testing.parameterized.EnforceAPIFullTree_iigoofspiel4_Test.test_number_of_nodes
[       OK ] absl.testing.parameterized.EnforceAPIFullTree_iigoofspiel4_Test.test_number_of_nodes
[ RUN      ] absl.testing.parameterized.EnforceAPIFullTree_kuhn_poker3p_Test.test_constant_sum
[       OK ] absl.testing.parameterized.EnforceAPIFullTree_kuhn_poker3p_Test.test_constant_sum
[ RUN      ] absl.testing.parameterized.EnforceAPIFullTree_kuhn_poker3p_Test.test_current_player_infosets_no_overlap_between_players
[       OK ] absl.testing.parameterized.EnforceAPIFullTree_kuhn_poker3p_Test.test_current_player_infosets_no_overlap_between_players
[ RUN      ] absl.testing.parameterized.EnforceAPIFullTree_kuhn_poker3p_Test.test_current_player_returns_terminal_player_on_terminal_nodes
[       OK ] absl.testing.parameterized.EnforceAPIFullTree_kuhn_poker3p_Test.test_current_player_returns_terminal_player_on_terminal_nodes
[ RUN      ] absl.testing.parameterized.EnforceAPIFullTree_kuhn_poker3p_Test.test_game_is_perfect_recall
[       OK ] absl.testing.parameterized.EnforceAPIFullTree_kuhn_poker3p_Test.test_game_is_perfect_recall
[ RUN      ] absl.testing.parameterized.EnforceAPIFullTree_kuhn_poker3p_Test.test_information_state_functions_raises_on_chance_nodes
[       OK ] absl.testing.parameterized.EnforceAPIFullTree_kuhn_poker3p_Test.test_information_state_functions_raises_on_chance_nodes
[ RUN      ] absl.testing.parameterized.EnforceAPIFullTree_kuhn_poker3p_Test.test_information_state_no_argument_raises_on_terminal_nodes
[       OK ] absl.testing.parameterized.EnforceAPIFullTree_kuhn_poker3p_Test.test_information_state_no_argument_raises_on_terminal_nodes
[ RUN      ] absl.testing.parameterized.EnforceAPIFullTree_kuhn_poker3p_Test.test_legal_actions_empty
[       OK ] absl.testing.parameterized.EnforceAPIFullTree_kuhn_poker3p_Test.test_legal_actions_empty
[ RUN      ] absl.testing.parameterized.EnforceAPIFullTree_kuhn_poker3p_Test.test_number_of_nodes
[       OK ] absl.testing.parameterized.EnforceAPIFullTree_kuhn_poker3p_Test.test_number_of_nodes
[ RUN      ] absl.testing.parameterized.EnforceAPIFullTree_first_sealed_auction_Test.test_constant_sum
[       OK ] absl.testing.parameterized.EnforceAPIFullTree_first_sealed_auction_Test.test_constant_sum
[ RUN      ] absl.testing.parameterized.EnforceAPIFullTree_first_sealed_auction_Test.test_current_player_infosets_no_overlap_between_players
[       OK ] absl.testing.parameterized.EnforceAPIFullTree_first_sealed_auction_Test.test_current_player_infosets_no_overlap_between_players
[ RUN      ] absl.testing.parameterized.EnforceAPIFullTree_first_sealed_auction_Test.test_current_player_returns_terminal_player_on_terminal_nodes
[       OK ] absl.testing.parameterized.EnforceAPIFullTree_first_sealed_auction_Test.test_current_player_returns_terminal_player_on_terminal_nodes
[ RUN      ] absl.testing.parameterized.EnforceAPIFullTree_first_sealed_auction_Test.test_game_is_perfect_recall
[       OK ] absl.testing.parameterized.EnforceAPIFullTree_first_sealed_auction_Test.test_game_is_perfect_recall
[ RUN      ] absl.testing.parameterized.EnforceAPIFullTree_first_sealed_auction_Test.test_information_state_functions_raises_on_chance_nodes
[       OK ] absl.testing.parameterized.EnforceAPIFullTree_first_sealed_auction_Test.test_information_state_functions_raises_on_chance_nodes
[ RUN      ] absl.testing.parameterized.EnforceAPIFullTree_first_sealed_auction_Test.test_information_state_no_argument_raises_on_terminal_nodes
[       OK ] absl.testing.parameterized.EnforceAPIFullTree_first_sealed_auction_Test.test_information_state_no_argument_raises_on_terminal_nodes
[ RUN      ] absl.testing.parameterized.EnforceAPIFullTree_first_sealed_auction_Test.test_legal_actions_empty
[       OK ] absl.testing.parameterized.EnforceAPIFullTree_first_sealed_auction_Test.test_legal_actions_empty
[ RUN      ] absl.testing.parameterized.EnforceAPIFullTree_first_sealed_auction_Test.test_number_of_nodes
[       OK ] absl.testing.parameterized.EnforceAPIFullTree_first_sealed_auction_Test.test_number_of_nodes
[ RUN      ] absl.testing.parameterized.EnforceAPIFullTree_tiny_hanabi_Test.test_constant_sum
[       OK ] absl.testing.parameterized.EnforceAPIFullTree_tiny_hanabi_Test.test_constant_sum
[ RUN      ] absl.testing.parameterized.EnforceAPIFullTree_tiny_hanabi_Test.test_current_player_infosets_no_overlap_between_players
[       OK ] absl.testing.parameterized.EnforceAPIFullTree_tiny_hanabi_Test.test_current_player_infosets_no_overlap_between_players
[ RUN      ] absl.testing.parameterized.EnforceAPIFullTree_tiny_hanabi_Test.test_current_player_returns_terminal_player_on_terminal_nodes
[       OK ] absl.testing.parameterized.EnforceAPIFullTree_tiny_hanabi_Test.test_current_player_returns_terminal_player_on_terminal_nodes
[ RUN      ] absl.testing.parameterized.EnforceAPIFullTree_tiny_hanabi_Test.test_game_is_perfect_recall
[       OK ] absl.testing.parameterized.EnforceAPIFullTree_tiny_hanabi_Test.test_game_is_perfect_recall
[ RUN      ] absl.testing.parameterized.EnforceAPIFullTree_tiny_hanabi_Test.test_information_state_functions_raises_on_chance_nodes
[       OK ] absl.testing.parameterized.EnforceAPIFullTree_tiny_hanabi_Test.test_information_state_functions_raises_on_chance_nodes
[ RUN      ] absl.testing.parameterized.EnforceAPIFullTree_tiny_hanabi_Test.test_information_state_no_argument_raises_on_terminal_nodes
[       OK ] absl.testing.parameterized.EnforceAPIFullTree_tiny_hanabi_Test.test_information_state_no_argument_raises_on_terminal_nodes
[ RUN      ] absl.testing.parameterized.EnforceAPIFullTree_tiny_hanabi_Test.test_legal_actions_empty
[       OK ] absl.testing.parameterized.EnforceAPIFullTree_tiny_hanabi_Test.test_legal_actions_empty
[ RUN      ] absl.testing.parameterized.EnforceAPIFullTree_tiny_hanabi_Test.test_number_of_nodes
[       OK ] absl.testing.parameterized.EnforceAPIFullTree_tiny_hanabi_Test.test_number_of_nodes
[ RUN      ] absl.testing.parameterized.EnforceAPIFullTree_nf_auction_Test.test_constant_sum
[       OK ] absl.testing.parameterized.EnforceAPIFullTree_nf_auction_Test.test_constant_sum
[ RUN      ] absl.testing.parameterized.EnforceAPIFullTree_nf_auction_Test.test_current_player_infosets_no_overlap_between_players
[       OK ] absl.testing.parameterized.EnforceAPIFullTree_nf_auction_Test.test_current_player_infosets_no_overlap_between_players
[ RUN      ] absl.testing.parameterized.EnforceAPIFullTree_nf_auction_Test.test_current_player_returns_terminal_player_on_terminal_nodes
[       OK ] absl.testing.parameterized.EnforceAPIFullTree_nf_auction_Test.test_current_player_returns_terminal_player_on_terminal_nodes
[ RUN      ] absl.testing.parameterized.EnforceAPIFullTree_nf_auction_Test.test_game_is_perfect_recall
[       OK ] absl.testing.parameterized.EnforceAPIFullTree_nf_auction_Test.test_game_is_perfect_recall
[ RUN      ] absl.testing.parameterized.EnforceAPIFullTree_nf_auction_Test.test_information_state_functions_raises_on_chance_nodes
[       OK ] absl.testing.parameterized.EnforceAPIFullTree_nf_auction_Test.test_information_state_functions_raises_on_chance_nodes
[ RUN      ] absl.testing.parameterized.EnforceAPIFullTree_nf_auction_Test.test_information_state_no_argument_raises_on_terminal_nodes
[       OK ] absl.testing.parameterized.EnforceAPIFullTree_nf_auction_Test.test_information_state_no_argument_raises_on_terminal_nodes
[ RUN      ] absl.testing.parameterized.EnforceAPIFullTree_nf_auction_Test.test_legal_actions_empty
[       OK ] absl.testing.parameterized.EnforceAPIFullTree_nf_auction_Test.test_legal_actions_empty
[ RUN      ] absl.testing.parameterized.EnforceAPIFullTree_nf_auction_Test.test_number_of_nodes
[       OK ] absl.testing.parameterized.EnforceAPIFullTree_nf_auction_Test.test_number_of_nodes
[ RUN      ] absl.testing.parameterized.EnforceAPIPartialTree_solitaire_Test.test_legal_actions_returns_empty_list_on_opponent
[       OK ] absl.testing.parameterized.EnforceAPIPartialTree_solitaire_Test.test_legal_actions_returns_empty_list_on_opponent
[ RUN      ] absl.testing.parameterized.EnforceAPIPartialTree_solitaire_Test.test_no_invalid_public_observations
[       OK ] absl.testing.parameterized.EnforceAPIPartialTree_solitaire_Test.test_no_invalid_public_observations
[ RUN      ] absl.testing.parameterized.EnforceAPIPartialTree_solitaire_Test.test_observation_consistency
[       OK ] absl.testing.parameterized.EnforceAPIPartialTree_solitaire_Test.test_observation_consistency
[ RUN      ] absl.testing.parameterized.EnforceAPIPartialTree_solitaire_Test.test_observations_raises_error_on_invalid_player
[       OK ] absl.testing.parameterized.EnforceAPIPartialTree_solitaire_Test.test_observations_raises_error_on_invalid_player
[ RUN      ] absl.testing.parameterized.EnforceAPIPartialTree_solitaire_Test.test_private_information_contents
[       OK ] absl.testing.parameterized.EnforceAPIPartialTree_solitaire_Test.test_private_information_contents
[ RUN      ] absl.testing.parameterized.EnforceAPIPartialTree_solitaire_Test.test_sequence_lengths
[       OK ] absl.testing.parameterized.EnforceAPIPartialTree_solitaire_Test.test_sequence_lengths
[ RUN      ] absl.testing.parameterized.EnforceAPIPartialTree_connect_four_Test.test_legal_actions_returns_empty_list_on_opponent
[       OK ] absl.testing.parameterized.EnforceAPIPartialTree_connect_four_Test.test_legal_actions_returns_empty_list_on_opponent
[ RUN      ] absl.testing.parameterized.EnforceAPIPartialTree_connect_four_Test.test_no_invalid_public_observations
[       OK ] absl.testing.parameterized.EnforceAPIPartialTree_connect_four_Test.test_no_invalid_public_observations
[ RUN      ] absl.testing.parameterized.EnforceAPIPartialTree_connect_four_Test.test_observation_consistency
[       OK ] absl.testing.parameterized.EnforceAPIPartialTree_connect_four_Test.test_observation_consistency
[ RUN      ] absl.testing.parameterized.EnforceAPIPartialTree_connect_four_Test.test_observations_raises_error_on_invalid_player
[       OK ] absl.testing.parameterized.EnforceAPIPartialTree_connect_four_Test.test_observations_raises_error_on_invalid_player
[ RUN      ] absl.testing.parameterized.EnforceAPIPartialTree_connect_four_Test.test_private_information_contents
[       OK ] absl.testing.parameterized.EnforceAPIPartialTree_connect_four_Test.test_private_information_contents
[ RUN      ] absl.testing.parameterized.EnforceAPIPartialTree_connect_four_Test.test_sequence_lengths
[       OK ] absl.testing.parameterized.EnforceAPIPartialTree_connect_four_Test.test_sequence_lengths
[ RUN      ] absl.testing.parameterized.EnforceAPIPartialTree_oware_Test.test_legal_actions_returns_empty_list_on_opponent
[       OK ] absl.testing.parameterized.EnforceAPIPartialTree_oware_Test.test_legal_actions_returns_empty_list_on_opponent
[ RUN      ] absl.testing.parameterized.EnforceAPIPartialTree_oware_Test.test_no_invalid_public_observations
[       OK ] absl.testing.parameterized.EnforceAPIPartialTree_oware_Test.test_no_invalid_public_observations
[ RUN      ] absl.testing.parameterized.EnforceAPIPartialTree_oware_Test.test_observation_consistency
[       OK ] absl.testing.parameterized.EnforceAPIPartialTree_oware_Test.test_observation_consistency
[ RUN      ] absl.testing.parameterized.EnforceAPIPartialTree_oware_Test.test_observations_raises_error_on_invalid_player
[       OK ] absl.testing.parameterized.EnforceAPIPartialTree_oware_Test.test_observations_raises_error_on_invalid_player
[ RUN      ] absl.testing.parameterized.EnforceAPIPartialTree_oware_Test.test_private_information_contents
[       OK ] absl.testing.parameterized.EnforceAPIPartialTree_oware_Test.test_private_information_contents
[ RUN      ] absl.testing.parameterized.EnforceAPIPartialTree_oware_Test.test_sequence_lengths
[       OK ] absl.testing.parameterized.EnforceAPIPartialTree_oware_Test.test_sequence_lengths
[ RUN      ] absl.testing.parameterized.EnforceAPIPartialTree_go_Test.test_legal_actions_returns_empty_list_on_opponent
[       OK ] absl.testing.parameterized.EnforceAPIPartialTree_go_Test.test_legal_actions_returns_empty_list_on_opponent
[ RUN      ] absl.testing.parameterized.EnforceAPIPartialTree_go_Test.test_no_invalid_public_observations
[       OK ] absl.testing.parameterized.EnforceAPIPartialTree_go_Test.test_no_invalid_public_observations
[ RUN      ] absl.testing.parameterized.EnforceAPIPartialTree_go_Test.test_observation_consistency
[       OK ] absl.testing.parameterized.EnforceAPIPartialTree_go_Test.test_observation_consistency
[ RUN      ] absl.testing.parameterized.EnforceAPIPartialTree_go_Test.test_observations_raises_error_on_invalid_player
[       OK ] absl.testing.parameterized.EnforceAPIPartialTree_go_Test.test_observations_raises_error_on_invalid_player
[ RUN      ] absl.testing.parameterized.EnforceAPIPartialTree_go_Test.test_private_information_contents
[       OK ] absl.testing.parameterized.EnforceAPIPartialTree_go_Test.test_private_information_contents
[ RUN      ] absl.testing.parameterized.EnforceAPIPartialTree_go_Test.test_sequence_lengths
[       OK ] absl.testing.parameterized.EnforceAPIPartialTree_go_Test.test_sequence_lengths
[ RUN      ] absl.testing.parameterized.EnforceAPIPartialTree_matching_pennies_3p_Test.test_legal_actions_returns_empty_list_on_opponent
[       OK ] absl.testing.parameterized.EnforceAPIPartialTree_matching_pennies_3p_Test.test_legal_actions_returns_empty_list_on_opponent
[ RUN      ] absl.testing.parameterized.EnforceAPIPartialTree_matching_pennies_3p_Test.test_no_invalid_public_observations
[       OK ] absl.testing.parameterized.EnforceAPIPartialTree_matching_pennies_3p_Test.test_no_invalid_public_observations
[ RUN      ] absl.testing.parameterized.EnforceAPIPartialTree_matching_pennies_3p_Test.test_observation_consistency
[       OK ] absl.testing.parameterized.EnforceAPIPartialTree_matching_pennies_3p_Test.test_observation_consistency
[ RUN      ] absl.testing.parameterized.EnforceAPIPartialTree_matching_pennies_3p_Test.test_observations_raises_error_on_invalid_player
[       OK ] absl.testing.parameterized.EnforceAPIPartialTree_matching_pennies_3p_Test.test_observations_raises_error_on_invalid_player
[ RUN      ] absl.testing.parameterized.EnforceAPIPartialTree_matching_pennies_3p_Test.test_private_information_contents
[       OK ] absl.testing.parameterized.EnforceAPIPartialTree_matching_pennies_3p_Test.test_private_information_contents
[ RUN      ] absl.testing.parameterized.EnforceAPIPartialTree_matching_pennies_3p_Test.test_sequence_lengths
[       OK ] absl.testing.parameterized.EnforceAPIPartialTree_matching_pennies_3p_Test.test_sequence_lengths
[ RUN      ] absl.testing.parameterized.EnforceAPIPartialTree_skat_Test.test_legal_actions_returns_empty_list_on_opponent
[       OK ] absl.testing.parameterized.EnforceAPIPartialTree_skat_Test.test_legal_actions_returns_empty_list_on_opponent
[ RUN      ] absl.testing.parameterized.EnforceAPIPartialTree_skat_Test.test_no_invalid_public_observations
[       OK ] absl.testing.parameterized.EnforceAPIPartialTree_skat_Test.test_no_invalid_public_observations
[ RUN      ] absl.testing.parameterized.EnforceAPIPartialTree_skat_Test.test_observation_consistency
[       OK ] absl.testing.parameterized.EnforceAPIPartialTree_skat_Test.test_observation_consistency
[ RUN      ] absl.testing.parameterized.EnforceAPIPartialTree_skat_Test.test_observations_raises_error_on_invalid_player
[       OK ] absl.testing.parameterized.EnforceAPIPartialTree_skat_Test.test_observations_raises_error_on_invalid_player
[ RUN      ] absl.testing.parameterized.EnforceAPIPartialTree_skat_Test.test_private_information_contents
[       OK ] absl.testing.parameterized.EnforceAPIPartialTree_skat_Test.test_private_information_contents
[ RUN      ] absl.testing.parameterized.EnforceAPIPartialTree_skat_Test.test_sequence_lengths
[       OK ] absl.testing.parameterized.EnforceAPIPartialTree_skat_Test.test_sequence_lengths
[ RUN      ] absl.testing.parameterized.EnforceAPIPartialTree_havannah_Test.test_legal_actions_returns_empty_list_on_opponent
[       OK ] absl.testing.parameterized.EnforceAPIPartialTree_havannah_Test.test_legal_actions_returns_empty_list_on_opponent
[ RUN      ] absl.testing.parameterized.EnforceAPIPartialTree_havannah_Test.test_no_invalid_public_observations
[       OK ] absl.testing.parameterized.EnforceAPIPartialTree_havannah_Test.test_no_invalid_public_observations
[ RUN      ] absl.testing.parameterized.EnforceAPIPartialTree_havannah_Test.test_observation_consistency
[       OK ] absl.testing.parameterized.EnforceAPIPartialTree_havannah_Test.test_observation_consistency
[ RUN      ] absl.testing.parameterized.EnforceAPIPartialTree_havannah_Test.test_observations_raises_error_on_invalid_player
[       OK ] absl.testing.parameterized.EnforceAPIPartialTree_havannah_Test.test_observations_raises_error_on_invalid_player
[ RUN      ] absl.testing.parameterized.EnforceAPIPartialTree_havannah_Test.test_private_information_contents
[       OK ] absl.testing.parameterized.EnforceAPIPartialTree_havannah_Test.test_private_information_contents
[ RUN      ] absl.testing.parameterized.EnforceAPIPartialTree_havannah_Test.test_sequence_lengths
[       OK ] absl.testing.parameterized.EnforceAPIPartialTree_havannah_Test.test_sequence_lengths
[ RUN      ] absl.testing.parameterized.EnforceAPIPartialTree_bridge_uncontested_bidding_Test.test_legal_actions_returns_empty_list_on_opponent
[       OK ] absl.testing.parameterized.EnforceAPIPartialTree_bridge_uncontested_bidding_Test.test_legal_actions_returns_empty_list_on_opponent
[ RUN      ] absl.testing.parameterized.EnforceAPIPartialTree_bridge_uncontested_bidding_Test.test_no_invalid_public_observations
[       OK ] absl.testing.parameterized.EnforceAPIPartialTree_bridge_uncontested_bidding_Test.test_no_invalid_public_observations
[ RUN      ] absl.testing.parameterized.EnforceAPIPartialTree_bridge_uncontested_bidding_Test.test_observation_consistency
[       OK ] absl.testing.parameterized.EnforceAPIPartialTree_bridge_uncontested_bidding_Test.test_observation_consistency
[ RUN      ] absl.testing.parameterized.EnforceAPIPartialTree_bridge_uncontested_bidding_Test.test_observations_raises_error_on_invalid_player
[       OK ] absl.testing.parameterized.EnforceAPIPartialTree_bridge_uncontested_bidding_Test.test_observations_raises_error_on_invalid_player
[ RUN      ] absl.testing.parameterized.EnforceAPIPartialTree_bridge_uncontested_bidding_Test.test_private_information_contents
[       OK ] absl.testing.parameterized.EnforceAPIPartialTree_bridge_uncontested_bidding_Test.test_private_information_contents
[ RUN      ] absl.testing.parameterized.EnforceAPIPartialTree_bridge_uncontested_bidding_Test.test_sequence_lengths
[       OK ] absl.testing.parameterized.EnforceAPIPartialTree_bridge_uncontested_bidding_Test.test_sequence_lengths
[ RUN      ] absl.testing.parameterized.EnforceAPIPartialTree_othello_Test.test_legal_actions_returns_empty_list_on_opponent
[       OK ] absl.testing.parameterized.EnforceAPIPartialTree_othello_Test.test_legal_actions_returns_empty_list_on_opponent
[ RUN      ] absl.testing.parameterized.EnforceAPIPartialTree_othello_Test.test_no_invalid_public_observations
[       OK ] absl.testing.parameterized.EnforceAPIPartialTree_othello_Test.test_no_invalid_public_observations
[ RUN      ] absl.testing.parameterized.EnforceAPIPartialTree_othello_Test.test_observation_consistency
[       OK ] absl.testing.parameterized.EnforceAPIPartialTree_othello_Test.test_observation_consistency
[ RUN      ] absl.testing.parameterized.EnforceAPIPartialTree_othello_Test.test_observations_raises_error_on_invalid_player
[       OK ] absl.testing.parameterized.EnforceAPIPartialTree_othello_Test.test_observations_raises_error_on_invalid_player
[ RUN      ] absl.testing.parameterized.EnforceAPIPartialTree_othello_Test.test_private_information_contents
[       OK ] absl.testing.parameterized.EnforceAPIPartialTree_othello_Test.test_private_information_contents
[ RUN      ] absl.testing.parameterized.EnforceAPIPartialTree_othello_Test.test_sequence_lengths
[       OK ] absl.testing.parameterized.EnforceAPIPartialTree_othello_Test.test_sequence_lengths
[ RUN      ] absl.testing.parameterized.EnforceAPIPartialTree_kuhn_poker_Test.test_legal_actions_returns_empty_list_on_opponent
[       OK ] absl.testing.parameterized.EnforceAPIPartialTree_kuhn_poker_Test.test_legal_actions_returns_empty_list_on_opponent
[ RUN      ] absl.testing.parameterized.EnforceAPIPartialTree_kuhn_poker_Test.test_no_invalid_public_observations
[       OK ] absl.testing.parameterized.EnforceAPIPartialTree_kuhn_poker_Test.test_no_invalid_public_observations
[ RUN      ] absl.testing.parameterized.EnforceAPIPartialTree_kuhn_poker_Test.test_observation_consistency
[       OK ] absl.testing.parameterized.EnforceAPIPartialTree_kuhn_poker_Test.test_observation_consistency
[ RUN      ] absl.testing.parameterized.EnforceAPIPartialTree_kuhn_poker_Test.test_observations_raises_error_on_invalid_player
[       OK ] absl.testing.parameterized.EnforceAPIPartialTree_kuhn_poker_Test.test_observations_raises_error_on_invalid_player
[ RUN      ] absl.testing.parameterized.EnforceAPIPartialTree_kuhn_poker_Test.test_private_information_contents
[       OK ] absl.testing.parameterized.EnforceAPIPartialTree_kuhn_poker_Test.test_private_information_contents
[ RUN      ] absl.testing.parameterized.EnforceAPIPartialTree_kuhn_poker_Test.test_sequence_lengths
[       OK ] absl.testing.parameterized.EnforceAPIPartialTree_kuhn_poker_Test.test_sequence_lengths
[ RUN      ] absl.testing.parameterized.EnforceAPIPartialTree_tarok_Test.test_legal_actions_returns_empty_list_on_opponent
[       OK ] absl.testing.parameterized.EnforceAPIPartialTree_tarok_Test.test_legal_actions_returns_empty_list_on_opponent
[ RUN      ] absl.testing.parameterized.EnforceAPIPartialTree_tarok_Test.test_no_invalid_public_observations
[       OK ] absl.testing.parameterized.EnforceAPIPartialTree_tarok_Test.test_no_invalid_public_observations
[ RUN      ] absl.testing.parameterized.EnforceAPIPartialTree_tarok_Test.test_observation_consistency
[       OK ] absl.testing.parameterized.EnforceAPIPartialTree_tarok_Test.test_observation_consistency
[ RUN      ] absl.testing.parameterized.EnforceAPIPartialTree_tarok_Test.test_observations_raises_error_on_invalid_player
[       OK ] absl.testing.parameterized.EnforceAPIPartialTree_tarok_Test.test_observations_raises_error_on_invalid_player
[ RUN      ] absl.testing.parameterized.EnforceAPIPartialTree_tarok_Test.test_private_information_contents
[       OK ] absl.testing.parameterized.EnforceAPIPartialTree_tarok_Test.test_private_information_contents
[ RUN      ] absl.testing.parameterized.EnforceAPIPartialTree_tarok_Test.test_sequence_lengths
[       OK ] absl.testing.parameterized.EnforceAPIPartialTree_tarok_Test.test_sequence_lengths
[ RUN      ] absl.testing.parameterized.EnforceAPIPartialTree_blackjack_Test.test_legal_actions_returns_empty_list_on_opponent
[       OK ] absl.testing.parameterized.EnforceAPIPartialTree_blackjack_Test.test_legal_actions_returns_empty_list_on_opponent
[ RUN      ] absl.testing.parameterized.EnforceAPIPartialTree_blackjack_Test.test_no_invalid_public_observations
[       OK ] absl.testing.parameterized.EnforceAPIPartialTree_blackjack_Test.test_no_invalid_public_observations
[ RUN      ] absl.testing.parameterized.EnforceAPIPartialTree_blackjack_Test.test_observation_consistency
[       OK ] absl.testing.parameterized.EnforceAPIPartialTree_blackjack_Test.test_observation_consistency
[ RUN      ] absl.testing.parameterized.EnforceAPIPartialTree_blackjack_Test.test_observations_raises_error_on_invalid_player
[       OK ] absl.testing.parameterized.EnforceAPIPartialTree_blackjack_Test.test_observations_raises_error_on_invalid_player
[ RUN      ] absl.testing.parameterized.EnforceAPIPartialTree_blackjack_Test.test_private_information_contents
[       OK ] absl.testing.parameterized.EnforceAPIPartialTree_blackjack_Test.test_private_information_contents
[ RUN      ] absl.testing.parameterized.EnforceAPIPartialTree_blackjack_Test.test_sequence_lengths
[       OK ] absl.testing.parameterized.EnforceAPIPartialTree_blackjack_Test.test_sequence_lengths
[ RUN      ] absl.testing.parameterized.EnforceAPIPartialTree_y_Test.test_legal_actions_returns_empty_list_on_opponent
[       OK ] absl.testing.parameterized.EnforceAPIPartialTree_y_Test.test_legal_actions_returns_empty_list_on_opponent
[ RUN      ] absl.testing.parameterized.EnforceAPIPartialTree_y_Test.test_no_invalid_public_observations
[       OK ] absl.testing.parameterized.EnforceAPIPartialTree_y_Test.test_no_invalid_public_observations
[ RUN      ] absl.testing.parameterized.EnforceAPIPartialTree_y_Test.test_observation_consistency
[       OK ] absl.testing.parameterized.EnforceAPIPartialTree_y_Test.test_observation_consistency
[ RUN      ] absl.testing.parameterized.EnforceAPIPartialTree_y_Test.test_observations_raises_error_on_invalid_player
[       OK ] absl.testing.parameterized.EnforceAPIPartialTree_y_Test.test_observations_raises_error_on_invalid_player
[ RUN      ] absl.testing.parameterized.EnforceAPIPartialTree_y_Test.test_private_information_contents
[       OK ] absl.testing.parameterized.EnforceAPIPartialTree_y_Test.test_private_information_contents
[ RUN      ] absl.testing.parameterized.EnforceAPIPartialTree_y_Test.test_sequence_lengths
[       OK ] absl.testing.parameterized.EnforceAPIPartialTree_y_Test.test_sequence_lengths
[ RUN      ] absl.testing.parameterized.EnforceAPIPartialTree_first_sealed_auction_Test.test_legal_actions_returns_empty_list_on_opponent
[       OK ] absl.testing.parameterized.EnforceAPIPartialTree_first_sealed_auction_Test.test_legal_actions_returns_empty_list_on_opponent
[ RUN      ] absl.testing.parameterized.EnforceAPIPartialTree_first_sealed_auction_Test.test_no_invalid_public_observations
[       OK ] absl.testing.parameterized.EnforceAPIPartialTree_first_sealed_auction_Test.test_no_invalid_public_observations
[ RUN      ] absl.testing.parameterized.EnforceAPIPartialTree_first_sealed_auction_Test.test_observation_consistency
[       OK ] absl.testing.parameterized.EnforceAPIPartialTree_first_sealed_auction_Test.test_observation_consistency
[ RUN      ] absl.testing.parameterized.EnforceAPIPartialTree_first_sealed_auction_Test.test_observations_raises_error_on_invalid_player
[       OK ] absl.testing.parameterized.EnforceAPIPartialTree_first_sealed_auction_Test.test_observations_raises_error_on_invalid_player
[ RUN      ] absl.testing.parameterized.EnforceAPIPartialTree_first_sealed_auction_Test.test_private_information_contents
[       OK ] absl.testing.parameterized.EnforceAPIPartialTree_first_sealed_auction_Test.test_private_information_contents
[ RUN      ] absl.testing.parameterized.EnforceAPIPartialTree_first_sealed_auction_Test.test_sequence_lengths
[       OK ] absl.testing.parameterized.EnforceAPIPartialTree_first_sealed_auction_Test.test_sequence_lengths
[ RUN      ] absl.testing.parameterized.EnforceAPIPartialTree_gin_rummy_Test.test_legal_actions_returns_empty_list_on_opponent
[       OK ] absl.testing.parameterized.EnforceAPIPartialTree_gin_rummy_Test.test_legal_actions_returns_empty_list_on_opponent
[ RUN      ] absl.testing.parameterized.EnforceAPIPartialTree_gin_rummy_Test.test_no_invalid_public_observations
[       OK ] absl.testing.parameterized.EnforceAPIPartialTree_gin_rummy_Test.test_no_invalid_public_observations
[ RUN      ] absl.testing.parameterized.EnforceAPIPartialTree_gin_rummy_Test.test_observation_consistency
[       OK ] absl.testing.parameterized.EnforceAPIPartialTree_gin_rummy_Test.test_observation_consistency
[ RUN      ] absl.testing.parameterized.EnforceAPIPartialTree_gin_rummy_Test.test_observations_raises_error_on_invalid_player
[       OK ] absl.testing.parameterized.EnforceAPIPartialTree_gin_rummy_Test.test_observations_raises_error_on_invalid_player
[ RUN      ] absl.testing.parameterized.EnforceAPIPartialTree_gin_rummy_Test.test_private_information_contents
[       OK ] absl.testing.parameterized.EnforceAPIPartialTree_gin_rummy_Test.test_private_information_contents
[ RUN      ] absl.testing.parameterized.EnforceAPIPartialTree_gin_rummy_Test.test_sequence_lengths
[       OK ] absl.testing.parameterized.EnforceAPIPartialTree_gin_rummy_Test.test_sequence_lengths
[ RUN      ] absl.testing.parameterized.EnforceAPIPartialTree_lewis_signaling_Test.test_legal_actions_returns_empty_list_on_opponent
[       OK ] absl.testing.parameterized.EnforceAPIPartialTree_lewis_signaling_Test.test_legal_actions_returns_empty_list_on_opponent
[ RUN      ] absl.testing.parameterized.EnforceAPIPartialTree_lewis_signaling_Test.test_no_invalid_public_observations
[       OK ] absl.testing.parameterized.EnforceAPIPartialTree_lewis_signaling_Test.test_no_invalid_public_observations
[ RUN      ] absl.testing.parameterized.EnforceAPIPartialTree_lewis_signaling_Test.test_observation_consistency
[       OK ] absl.testing.parameterized.EnforceAPIPartialTree_lewis_signaling_Test.test_observation_consistency
[ RUN      ] absl.testing.parameterized.EnforceAPIPartialTree_lewis_signaling_Test.test_observations_raises_error_on_invalid_player
[       OK ] absl.testing.parameterized.EnforceAPIPartialTree_lewis_signaling_Test.test_observations_raises_error_on_invalid_player
[ RUN      ] absl.testing.parameterized.EnforceAPIPartialTree_lewis_signaling_Test.test_private_information_contents
[       OK ] absl.testing.parameterized.EnforceAPIPartialTree_lewis_signaling_Test.test_private_information_contents
[ RUN      ] absl.testing.parameterized.EnforceAPIPartialTree_lewis_signaling_Test.test_sequence_lengths
[       OK ] absl.testing.parameterized.EnforceAPIPartialTree_lewis_signaling_Test.test_sequence_lengths
[ RUN      ] absl.testing.parameterized.EnforceAPIPartialTree_negotiation_Test.test_legal_actions_returns_empty_list_on_opponent
[       OK ] absl.testing.parameterized.EnforceAPIPartialTree_negotiation_Test.test_legal_actions_returns_empty_list_on_opponent
[ RUN      ] absl.testing.parameterized.EnforceAPIPartialTree_negotiation_Test.test_no_invalid_public_observations
[       OK ] absl.testing.parameterized.EnforceAPIPartialTree_negotiation_Test.test_no_invalid_public_observations
[ RUN      ] absl.testing.parameterized.EnforceAPIPartialTree_negotiation_Test.test_observation_consistency
[       OK ] absl.testing.parameterized.EnforceAPIPartialTree_negotiation_Test.test_observation_consistency
[ RUN      ] absl.testing.parameterized.EnforceAPIPartialTree_negotiation_Test.test_observations_raises_error_on_invalid_player
[       OK ] absl.testing.parameterized.EnforceAPIPartialTree_negotiation_Test.test_observations_raises_error_on_invalid_player
[ RUN      ] absl.testing.parameterized.EnforceAPIPartialTree_negotiation_Test.test_private_information_contents
[       OK ] absl.testing.parameterized.EnforceAPIPartialTree_negotiation_Test.test_private_information_contents
[ RUN      ] absl.testing.parameterized.EnforceAPIPartialTree_negotiation_Test.test_sequence_lengths
[       OK ] absl.testing.parameterized.EnforceAPIPartialTree_negotiation_Test.test_sequence_lengths
[ RUN      ] absl.testing.parameterized.EnforceAPIPartialTree_goofspiel_Test.test_legal_actions_returns_empty_list_on_opponent
[       OK ] absl.testing.parameterized.EnforceAPIPartialTree_goofspiel_Test.test_legal_actions_returns_empty_list_on_opponent
[ RUN      ] absl.testing.parameterized.EnforceAPIPartialTree_goofspiel_Test.test_no_invalid_public_observations
[       OK ] absl.testing.parameterized.EnforceAPIPartialTree_goofspiel_Test.test_no_invalid_public_observations
[ RUN      ] absl.testing.parameterized.EnforceAPIPartialTree_goofspiel_Test.test_observation_consistency
[       OK ] absl.testing.parameterized.EnforceAPIPartialTree_goofspiel_Test.test_observation_consistency
[ RUN      ] absl.testing.parameterized.EnforceAPIPartialTree_goofspiel_Test.test_observations_raises_error_on_invalid_player
[       OK ] absl.testing.parameterized.EnforceAPIPartialTree_goofspiel_Test.test_observations_raises_error_on_invalid_player
[ RUN      ] absl.testing.parameterized.EnforceAPIPartialTree_goofspiel_Test.test_private_information_contents
[       OK ] absl.testing.parameterized.EnforceAPIPartialTree_goofspiel_Test.test_private_information_contents
[ RUN      ] absl.testing.parameterized.EnforceAPIPartialTree_goofspiel_Test.test_sequence_lengths
[       OK ] absl.testing.parameterized.EnforceAPIPartialTree_goofspiel_Test.test_sequence_lengths
[ RUN      ] absl.testing.parameterized.EnforceAPIPartialTree_coordinated_mp_Test.test_legal_actions_returns_empty_list_on_opponent
[       OK ] absl.testing.parameterized.EnforceAPIPartialTree_coordinated_mp_Test.test_legal_actions_returns_empty_list_on_opponent
[ RUN      ] absl.testing.parameterized.EnforceAPIPartialTree_coordinated_mp_Test.test_no_invalid_public_observations
[       OK ] absl.testing.parameterized.EnforceAPIPartialTree_coordinated_mp_Test.test_no_invalid_public_observations
[ RUN      ] absl.testing.parameterized.EnforceAPIPartialTree_coordinated_mp_Test.test_observation_consistency
[       OK ] absl.testing.parameterized.EnforceAPIPartialTree_coordinated_mp_Test.test_observation_consistency
[ RUN      ] absl.testing.parameterized.EnforceAPIPartialTree_coordinated_mp_Test.test_observations_raises_error_on_invalid_player
[       OK ] absl.testing.parameterized.EnforceAPIPartialTree_coordinated_mp_Test.test_observations_raises_error_on_invalid_player
[ RUN      ] absl.testing.parameterized.EnforceAPIPartialTree_coordinated_mp_Test.test_private_information_contents
[       OK ] absl.testing.parameterized.EnforceAPIPartialTree_coordinated_mp_Test.test_private_information_contents
[ RUN      ] absl.testing.parameterized.EnforceAPIPartialTree_coordinated_mp_Test.test_sequence_lengths
[       OK ] absl.testing.parameterized.EnforceAPIPartialTree_coordinated_mp_Test.test_sequence_lengths
[ RUN      ] absl.testing.parameterized.EnforceAPIPartialTree_blotto_Test.test_legal_actions_returns_empty_list_on_opponent
[       OK ] absl.testing.parameterized.EnforceAPIPartialTree_blotto_Test.test_legal_actions_returns_empty_list_on_opponent
[ RUN      ] absl.testing.parameterized.EnforceAPIPartialTree_blotto_Test.test_no_invalid_public_observations
[       OK ] absl.testing.parameterized.EnforceAPIPartialTree_blotto_Test.test_no_invalid_public_observations
[ RUN      ] absl.testing.parameterized.EnforceAPIPartialTree_blotto_Test.test_observation_consistency
[       OK ] absl.testing.parameterized.EnforceAPIPartialTree_blotto_Test.test_observation_consistency
[ RUN      ] absl.testing.parameterized.EnforceAPIPartialTree_blotto_Test.test_observations_raises_error_on_invalid_player
[       OK ] absl.testing.parameterized.EnforceAPIPartialTree_blotto_Test.test_observations_raises_error_on_invalid_player
[ RUN      ] absl.testing.parameterized.EnforceAPIPartialTree_blotto_Test.test_private_information_contents
[       OK ] absl.testing.parameterized.EnforceAPIPartialTree_blotto_Test.test_private_information_contents
[ RUN      ] absl.testing.parameterized.EnforceAPIPartialTree_blotto_Test.test_sequence_lengths
[       OK ] absl.testing.parameterized.EnforceAPIPartialTree_blotto_Test.test_sequence_lengths
[ RUN      ] absl.testing.parameterized.EnforceAPIPartialTree_quoridor_Test.test_legal_actions_returns_empty_list_on_opponent
[       OK ] absl.testing.parameterized.EnforceAPIPartialTree_quoridor_Test.test_legal_actions_returns_empty_list_on_opponent
[ RUN      ] absl.testing.parameterized.EnforceAPIPartialTree_quoridor_Test.test_no_invalid_public_observations
[       OK ] absl.testing.parameterized.EnforceAPIPartialTree_quoridor_Test.test_no_invalid_public_observations
[ RUN      ] absl.testing.parameterized.EnforceAPIPartialTree_quoridor_Test.test_observation_consistency
[       OK ] absl.testing.parameterized.EnforceAPIPartialTree_quoridor_Test.test_observation_consistency
[ RUN      ] absl.testing.parameterized.EnforceAPIPartialTree_quoridor_Test.test_observations_raises_error_on_invalid_player
[       OK ] absl.testing.parameterized.EnforceAPIPartialTree_quoridor_Test.test_observations_raises_error_on_invalid_player
[ RUN      ] absl.testing.parameterized.EnforceAPIPartialTree_quoridor_Test.test_private_information_contents
[       OK ] absl.testing.parameterized.EnforceAPIPartialTree_quoridor_Test.test_private_information_contents
[ RUN      ] absl.testing.parameterized.EnforceAPIPartialTree_quoridor_Test.test_sequence_lengths
[       OK ] absl.testing.parameterized.EnforceAPIPartialTree_quoridor_Test.test_sequence_lengths
[ RUN      ] absl.testing.parameterized.EnforceAPIPartialTree_catch_Test.test_legal_actions_returns_empty_list_on_opponent
[       OK ] absl.testing.parameterized.EnforceAPIPartialTree_catch_Test.test_legal_actions_returns_empty_list_on_opponent
[ RUN      ] absl.testing.parameterized.EnforceAPIPartialTree_catch_Test.test_no_invalid_public_observations
[       OK ] absl.testing.parameterized.EnforceAPIPartialTree_catch_Test.test_no_invalid_public_observations
[ RUN      ] absl.testing.parameterized.EnforceAPIPartialTree_catch_Test.test_observation_consistency
[       OK ] absl.testing.parameterized.EnforceAPIPartialTree_catch_Test.test_observation_consistency
[ RUN      ] absl.testing.parameterized.EnforceAPIPartialTree_catch_Test.test_observations_raises_error_on_invalid_player
[       OK ] absl.testing.parameterized.EnforceAPIPartialTree_catch_Test.test_observations_raises_error_on_invalid_player
[ RUN      ] absl.testing.parameterized.EnforceAPIPartialTree_catch_Test.test_private_information_contents
[       OK ] absl.testing.parameterized.EnforceAPIPartialTree_catch_Test.test_private_information_contents
[ RUN      ] absl.testing.parameterized.EnforceAPIPartialTree_catch_Test.test_sequence_lengths
[       OK ] absl.testing.parameterized.EnforceAPIPartialTree_catch_Test.test_sequence_lengths
[ RUN      ] absl.testing.parameterized.EnforceAPIPartialTree_oh_hell_Test.test_legal_actions_returns_empty_list_on_opponent
[       OK ] absl.testing.parameterized.EnforceAPIPartialTree_oh_hell_Test.test_legal_actions_returns_empty_list_on_opponent
[ RUN      ] absl.testing.parameterized.EnforceAPIPartialTree_oh_hell_Test.test_no_invalid_public_observations
[       OK ] absl.testing.parameterized.EnforceAPIPartialTree_oh_hell_Test.test_no_invalid_public_observations
[ RUN      ] absl.testing.parameterized.EnforceAPIPartialTree_oh_hell_Test.test_observation_consistency
[       OK ] absl.testing.parameterized.EnforceAPIPartialTree_oh_hell_Test.test_observation_consistency
[ RUN      ] absl.testing.parameterized.EnforceAPIPartialTree_oh_hell_Test.test_observations_raises_error_on_invalid_player
[       OK ] absl.testing.parameterized.EnforceAPIPartialTree_oh_hell_Test.test_observations_raises_error_on_invalid_player
[ RUN      ] absl.testing.parameterized.EnforceAPIPartialTree_oh_hell_Test.test_private_information_contents
[       OK ] absl.testing.parameterized.EnforceAPIPartialTree_oh_hell_Test.test_private_information_contents
[ RUN      ] absl.testing.parameterized.EnforceAPIPartialTree_oh_hell_Test.test_sequence_lengths
[       OK ] absl.testing.parameterized.EnforceAPIPartialTree_oh_hell_Test.test_sequence_lengths
[ RUN      ] absl.testing.parameterized.EnforceAPIPartialTree_coin_game_Test.test_legal_actions_returns_empty_list_on_opponent
[       OK ] absl.testing.parameterized.EnforceAPIPartialTree_coin_game_Test.test_legal_actions_returns_empty_list_on_opponent
[ RUN      ] absl.testing.parameterized.EnforceAPIPartialTree_coin_game_Test.test_no_invalid_public_observations
[       OK ] absl.testing.parameterized.EnforceAPIPartialTree_coin_game_Test.test_no_invalid_public_observations
[ RUN      ] absl.testing.parameterized.EnforceAPIPartialTree_coin_game_Test.test_observation_consistency
[       OK ] absl.testing.parameterized.EnforceAPIPartialTree_coin_game_Test.test_observation_consistency
[ RUN      ] absl.testing.parameterized.EnforceAPIPartialTree_coin_game_Test.test_observations_raises_error_on_invalid_player
[       OK ] absl.testing.parameterized.EnforceAPIPartialTree_coin_game_Test.test_observations_raises_error_on_invalid_player
[ RUN      ] absl.testing.parameterized.EnforceAPIPartialTree_coin_game_Test.test_private_information_contents
[       OK ] absl.testing.parameterized.EnforceAPIPartialTree_coin_game_Test.test_private_information_contents
[ RUN      ] absl.testing.parameterized.EnforceAPIPartialTree_coin_game_Test.test_sequence_lengths
[       OK ] absl.testing.parameterized.EnforceAPIPartialTree_coin_game_Test.test_sequence_lengths
[ RUN      ] absl.testing.parameterized.EnforceAPIPartialTree_leduc_poker_Test.test_legal_actions_returns_empty_list_on_opponent
[       OK ] absl.testing.parameterized.EnforceAPIPartialTree_leduc_poker_Test.test_legal_actions_returns_empty_list_on_opponent
[ RUN      ] absl.testing.parameterized.EnforceAPIPartialTree_leduc_poker_Test.test_no_invalid_public_observations
[       OK ] absl.testing.parameterized.EnforceAPIPartialTree_leduc_poker_Test.test_no_invalid_public_observations
[ RUN      ] absl.testing.parameterized.EnforceAPIPartialTree_leduc_poker_Test.test_observation_consistency
[       OK ] absl.testing.parameterized.EnforceAPIPartialTree_leduc_poker_Test.test_observation_consistency
[ RUN      ] absl.testing.parameterized.EnforceAPIPartialTree_leduc_poker_Test.test_observations_raises_error_on_invalid_player
[       OK ] absl.testing.parameterized.EnforceAPIPartialTree_leduc_poker_Test.test_observations_raises_error_on_invalid_player
[ RUN      ] absl.testing.parameterized.EnforceAPIPartialTree_leduc_poker_Test.test_private_information_contents
[       OK ] absl.testing.parameterized.EnforceAPIPartialTree_leduc_poker_Test.test_private_information_contents
[ RUN      ] absl.testing.parameterized.EnforceAPIPartialTree_leduc_poker_Test.test_sequence_lengths
[       OK ] absl.testing.parameterized.EnforceAPIPartialTree_leduc_poker_Test.test_sequence_lengths
[ RUN      ] absl.testing.parameterized.EnforceAPIPartialTree_battleship_Test.test_legal_actions_returns_empty_list_on_opponent
[       OK ] absl.testing.parameterized.EnforceAPIPartialTree_battleship_Test.test_legal_actions_returns_empty_list_on_opponent
[ RUN      ] absl.testing.parameterized.EnforceAPIPartialTree_battleship_Test.test_no_invalid_public_observations
[       OK ] absl.testing.parameterized.EnforceAPIPartialTree_battleship_Test.test_no_invalid_public_observations
[ RUN      ] absl.testing.parameterized.EnforceAPIPartialTree_battleship_Test.test_observation_consistency
[       OK ] absl.testing.parameterized.EnforceAPIPartialTree_battleship_Test.test_observation_consistency
[ RUN      ] absl.testing.parameterized.EnforceAPIPartialTree_battleship_Test.test_observations_raises_error_on_invalid_player
[       OK ] absl.testing.parameterized.EnforceAPIPartialTree_battleship_Test.test_observations_raises_error_on_invalid_player
[ RUN      ] absl.testing.parameterized.EnforceAPIPartialTree_battleship_Test.test_private_information_contents
[       OK ] absl.testing.parameterized.EnforceAPIPartialTree_battleship_Test.test_private_information_contents
[ RUN      ] absl.testing.parameterized.EnforceAPIPartialTree_battleship_Test.test_sequence_lengths
[       OK ] absl.testing.parameterized.EnforceAPIPartialTree_battleship_Test.test_sequence_lengths
[ RUN      ] absl.testing.parameterized.EnforceAPIPartialTree_deep_sea_Test.test_legal_actions_returns_empty_list_on_opponent
[       OK ] absl.testing.parameterized.EnforceAPIPartialTree_deep_sea_Test.test_legal_actions_returns_empty_list_on_opponent
[ RUN      ] absl.testing.parameterized.EnforceAPIPartialTree_deep_sea_Test.test_no_invalid_public_observations
[       OK ] absl.testing.parameterized.EnforceAPIPartialTree_deep_sea_Test.test_no_invalid_public_observations
[ RUN      ] absl.testing.parameterized.EnforceAPIPartialTree_deep_sea_Test.test_observation_consistency
[       OK ] absl.testing.parameterized.EnforceAPIPartialTree_deep_sea_Test.test_observation_consistency
[ RUN      ] absl.testing.parameterized.EnforceAPIPartialTree_deep_sea_Test.test_observations_raises_error_on_invalid_player
[       OK ] absl.testing.parameterized.EnforceAPIPartialTree_deep_sea_Test.test_observations_raises_error_on_invalid_player
[ RUN      ] absl.testing.parameterized.EnforceAPIPartialTree_deep_sea_Test.test_private_information_contents
[       OK ] absl.testing.parameterized.EnforceAPIPartialTree_deep_sea_Test.test_private_information_contents
[ RUN      ] absl.testing.parameterized.EnforceAPIPartialTree_deep_sea_Test.test_sequence_lengths
[       OK ] absl.testing.parameterized.EnforceAPIPartialTree_deep_sea_Test.test_sequence_lengths
[ RUN      ] absl.testing.parameterized.EnforceAPIPartialTree_oshi_zumo_Test.test_legal_actions_returns_empty_list_on_opponent
[       OK ] absl.testing.parameterized.EnforceAPIPartialTree_oshi_zumo_Test.test_legal_actions_returns_empty_list_on_opponent
[ RUN      ] absl.testing.parameterized.EnforceAPIPartialTree_oshi_zumo_Test.test_no_invalid_public_observations
[       OK ] absl.testing.parameterized.EnforceAPIPartialTree_oshi_zumo_Test.test_no_invalid_public_observations
[ RUN      ] absl.testing.parameterized.EnforceAPIPartialTree_oshi_zumo_Test.test_observation_consistency
[       OK ] absl.testing.parameterized.EnforceAPIPartialTree_oshi_zumo_Test.test_observation_consistency
[ RUN      ] absl.testing.parameterized.EnforceAPIPartialTree_oshi_zumo_Test.test_observations_raises_error_on_invalid_player
[       OK ] absl.testing.parameterized.EnforceAPIPartialTree_oshi_zumo_Test.test_observations_raises_error_on_invalid_player
[ RUN      ] absl.testing.parameterized.EnforceAPIPartialTree_oshi_zumo_Test.test_private_information_contents
[       OK ] absl.testing.parameterized.EnforceAPIPartialTree_oshi_zumo_Test.test_private_information_contents
[ RUN      ] absl.testing.parameterized.EnforceAPIPartialTree_oshi_zumo_Test.test_sequence_lengths
[       OK ] absl.testing.parameterized.EnforceAPIPartialTree_oshi_zumo_Test.test_sequence_lengths
[ RUN      ] absl.testing.parameterized.EnforceAPIPartialTree_phantom_ttt_Test.test_legal_actions_returns_empty_list_on_opponent
[       OK ] absl.testing.parameterized.EnforceAPIPartialTree_phantom_ttt_Test.test_legal_actions_returns_empty_list_on_opponent
[ RUN      ] absl.testing.parameterized.EnforceAPIPartialTree_phantom_ttt_Test.test_no_invalid_public_observations
[       OK ] absl.testing.parameterized.EnforceAPIPartialTree_phantom_ttt_Test.test_no_invalid_public_observations
[ RUN      ] absl.testing.parameterized.EnforceAPIPartialTree_phantom_ttt_Test.test_observation_consistency
[       OK ] absl.testing.parameterized.EnforceAPIPartialTree_phantom_ttt_Test.test_observation_consistency
[ RUN      ] absl.testing.parameterized.EnforceAPIPartialTree_phantom_ttt_Test.test_observations_raises_error_on_invalid_player
[       OK ] absl.testing.parameterized.EnforceAPIPartialTree_phantom_ttt_Test.test_observations_raises_error_on_invalid_player
[ RUN      ] absl.testing.parameterized.EnforceAPIPartialTree_phantom_ttt_Test.test_private_information_contents
[       OK ] absl.testing.parameterized.EnforceAPIPartialTree_phantom_ttt_Test.test_private_information_contents
[ RUN      ] absl.testing.parameterized.EnforceAPIPartialTree_phantom_ttt_Test.test_sequence_lengths
[       OK ] absl.testing.parameterized.EnforceAPIPartialTree_phantom_ttt_Test.test_sequence_lengths
[ RUN      ] absl.testing.parameterized.EnforceAPIPartialTree_cursor_go_Test.test_legal_actions_returns_empty_list_on_opponent
[       OK ] absl.testing.parameterized.EnforceAPIPartialTree_cursor_go_Test.test_legal_actions_returns_empty_list_on_opponent
[ RUN      ] absl.testing.parameterized.EnforceAPIPartialTree_cursor_go_Test.test_no_invalid_public_observations
[       OK ] absl.testing.parameterized.EnforceAPIPartialTree_cursor_go_Test.test_no_invalid_public_observations
[ RUN      ] absl.testing.parameterized.EnforceAPIPartialTree_cursor_go_Test.test_observation_consistency
[       OK ] absl.testing.parameterized.EnforceAPIPartialTree_cursor_go_Test.test_observation_consistency
[ RUN      ] absl.testing.parameterized.EnforceAPIPartialTree_cursor_go_Test.test_observations_raises_error_on_invalid_player
[       OK ] absl.testing.parameterized.EnforceAPIPartialTree_cursor_go_Test.test_observations_raises_error_on_invalid_player
[ RUN      ] absl.testing.parameterized.EnforceAPIPartialTree_cursor_go_Test.test_private_information_contents
[       OK ] absl.testing.parameterized.EnforceAPIPartialTree_cursor_go_Test.test_private_information_contents
[ RUN      ] absl.testing.parameterized.EnforceAPIPartialTree_cursor_go_Test.test_sequence_lengths
[       OK ] absl.testing.parameterized.EnforceAPIPartialTree_cursor_go_Test.test_sequence_lengths
[ RUN      ] absl.testing.parameterized.EnforceAPIPartialTree_tiny_bridge_4p_Test.test_legal_actions_returns_empty_list_on_opponent
[       OK ] absl.testing.parameterized.EnforceAPIPartialTree_tiny_bridge_4p_Test.test_legal_actions_returns_empty_list_on_opponent
[ RUN      ] absl.testing.parameterized.EnforceAPIPartialTree_tiny_bridge_4p_Test.test_no_invalid_public_observations
[       OK ] absl.testing.parameterized.EnforceAPIPartialTree_tiny_bridge_4p_Test.test_no_invalid_public_observations
[ RUN      ] absl.testing.parameterized.EnforceAPIPartialTree_tiny_bridge_4p_Test.test_observation_consistency
[       OK ] absl.testing.parameterized.EnforceAPIPartialTree_tiny_bridge_4p_Test.test_observation_consistency
[ RUN      ] absl.testing.parameterized.EnforceAPIPartialTree_tiny_bridge_4p_Test.test_observations_raises_error_on_invalid_player
[       OK ] absl.testing.parameterized.EnforceAPIPartialTree_tiny_bridge_4p_Test.test_observations_raises_error_on_invalid_player
[ RUN      ] absl.testing.parameterized.EnforceAPIPartialTree_tiny_bridge_4p_Test.test_private_information_contents
[       OK ] absl.testing.parameterized.EnforceAPIPartialTree_tiny_bridge_4p_Test.test_private_information_contents
[ RUN      ] absl.testing.parameterized.EnforceAPIPartialTree_tiny_bridge_4p_Test.test_sequence_lengths
[       OK ] absl.testing.parameterized.EnforceAPIPartialTree_tiny_bridge_4p_Test.test_sequence_lengths
[ RUN      ] absl.testing.parameterized.EnforceAPIPartialTree_liars_dice_Test.test_legal_actions_returns_empty_list_on_opponent
[       OK ] absl.testing.parameterized.EnforceAPIPartialTree_liars_dice_Test.test_legal_actions_returns_empty_list_on_opponent
[ RUN      ] absl.testing.parameterized.EnforceAPIPartialTree_liars_dice_Test.test_no_invalid_public_observations
[       OK ] absl.testing.parameterized.EnforceAPIPartialTree_liars_dice_Test.test_no_invalid_public_observations
[ RUN      ] absl.testing.parameterized.EnforceAPIPartialTree_liars_dice_Test.test_observation_consistency
[       OK ] absl.testing.parameterized.EnforceAPIPartialTree_liars_dice_Test.test_observation_consistency
[ RUN      ] absl.testing.parameterized.EnforceAPIPartialTree_liars_dice_Test.test_observations_raises_error_on_invalid_player
[       OK ] absl.testing.parameterized.EnforceAPIPartialTree_liars_dice_Test.test_observations_raises_error_on_invalid_player
[ RUN      ] absl.testing.parameterized.EnforceAPIPartialTree_liars_dice_Test.test_private_information_contents
[       OK ] absl.testing.parameterized.EnforceAPIPartialTree_liars_dice_Test.test_private_information_contents
[ RUN      ] absl.testing.parameterized.EnforceAPIPartialTree_liars_dice_Test.test_sequence_lengths
[       OK ] absl.testing.parameterized.EnforceAPIPartialTree_liars_dice_Test.test_sequence_lengths
[ RUN      ] absl.testing.parameterized.EnforceAPIPartialTree_pentago_Test.test_legal_actions_returns_empty_list_on_opponent
[       OK ] absl.testing.parameterized.EnforceAPIPartialTree_pentago_Test.test_legal_actions_returns_empty_list_on_opponent
[ RUN      ] absl.testing.parameterized.EnforceAPIPartialTree_pentago_Test.test_no_invalid_public_observations
[       OK ] absl.testing.parameterized.EnforceAPIPartialTree_pentago_Test.test_no_invalid_public_observations
[ RUN      ] absl.testing.parameterized.EnforceAPIPartialTree_pentago_Test.test_observation_consistency
[       OK ] absl.testing.parameterized.EnforceAPIPartialTree_pentago_Test.test_observation_consistency
[ RUN      ] absl.testing.parameterized.EnforceAPIPartialTree_pentago_Test.test_observations_raises_error_on_invalid_player
[       OK ] absl.testing.parameterized.EnforceAPIPartialTree_pentago_Test.test_observations_raises_error_on_invalid_player
[ RUN      ] absl.testing.parameterized.EnforceAPIPartialTree_pentago_Test.test_private_information_contents
[       OK ] absl.testing.parameterized.EnforceAPIPartialTree_pentago_Test.test_private_information_contents
[ RUN      ] absl.testing.parameterized.EnforceAPIPartialTree_pentago_Test.test_sequence_lengths
[       OK ] absl.testing.parameterized.EnforceAPIPartialTree_pentago_Test.test_sequence_lengths
[ RUN      ] absl.testing.parameterized.EnforceAPIPartialTree_hearts_Test.test_legal_actions_returns_empty_list_on_opponent
[       OK ] absl.testing.parameterized.EnforceAPIPartialTree_hearts_Test.test_legal_actions_returns_empty_list_on_opponent
[ RUN      ] absl.testing.parameterized.EnforceAPIPartialTree_hearts_Test.test_no_invalid_public_observations
[       OK ] absl.testing.parameterized.EnforceAPIPartialTree_hearts_Test.test_no_invalid_public_observations
[ RUN      ] absl.testing.parameterized.EnforceAPIPartialTree_hearts_Test.test_observation_consistency
[       OK ] absl.testing.parameterized.EnforceAPIPartialTree_hearts_Test.test_observation_consistency
[ RUN      ] absl.testing.parameterized.EnforceAPIPartialTree_hearts_Test.test_observations_raises_error_on_invalid_player
[       OK ] absl.testing.parameterized.EnforceAPIPartialTree_hearts_Test.test_observations_raises_error_on_invalid_player
[ RUN      ] absl.testing.parameterized.EnforceAPIPartialTree_hearts_Test.test_private_information_contents
[       OK ] absl.testing.parameterized.EnforceAPIPartialTree_hearts_Test.test_private_information_contents
[ RUN      ] absl.testing.parameterized.EnforceAPIPartialTree_hearts_Test.test_sequence_lengths
[       OK ] absl.testing.parameterized.EnforceAPIPartialTree_hearts_Test.test_sequence_lengths
[ RUN      ] absl.testing.parameterized.EnforceAPIPartialTree_chess_Test.test_legal_actions_returns_empty_list_on_opponent
[       OK ] absl.testing.parameterized.EnforceAPIPartialTree_chess_Test.test_legal_actions_returns_empty_list_on_opponent
[ RUN      ] absl.testing.parameterized.EnforceAPIPartialTree_chess_Test.test_no_invalid_public_observations
[       OK ] absl.testing.parameterized.EnforceAPIPartialTree_chess_Test.test_no_invalid_public_observations
[ RUN      ] absl.testing.parameterized.EnforceAPIPartialTree_chess_Test.test_observation_consistency
[       OK ] absl.testing.parameterized.EnforceAPIPartialTree_chess_Test.test_observation_consistency
[ RUN      ] absl.testing.parameterized.EnforceAPIPartialTree_chess_Test.test_observations_raises_error_on_invalid_player
[       OK ] absl.testing.parameterized.EnforceAPIPartialTree_chess_Test.test_observations_raises_error_on_invalid_player
[ RUN      ] absl.testing.parameterized.EnforceAPIPartialTree_chess_Test.test_private_information_contents
[       OK ] absl.testing.parameterized.EnforceAPIPartialTree_chess_Test.test_private_information_contents
[ RUN      ] absl.testing.parameterized.EnforceAPIPartialTree_chess_Test.test_sequence_lengths
[       OK ] absl.testing.parameterized.EnforceAPIPartialTree_chess_Test.test_sequence_lengths
[ RUN      ] absl.testing.parameterized.EnforceAPIPartialTree_matrix_coordination_Test.test_legal_actions_returns_empty_list_on_opponent
[       OK ] absl.testing.parameterized.EnforceAPIPartialTree_matrix_coordination_Test.test_legal_actions_returns_empty_list_on_opponent
[ RUN      ] absl.testing.parameterized.EnforceAPIPartialTree_matrix_coordination_Test.test_no_invalid_public_observations
[       OK ] absl.testing.parameterized.EnforceAPIPartialTree_matrix_coordination_Test.test_no_invalid_public_observations
[ RUN      ] absl.testing.parameterized.EnforceAPIPartialTree_matrix_coordination_Test.test_observation_consistency
[       OK ] absl.testing.parameterized.EnforceAPIPartialTree_matrix_coordination_Test.test_observation_consistency
[ RUN      ] absl.testing.parameterized.EnforceAPIPartialTree_matrix_coordination_Test.test_observations_raises_error_on_invalid_player
[       OK ] absl.testing.parameterized.EnforceAPIPartialTree_matrix_coordination_Test.test_observations_raises_error_on_invalid_player
[ RUN      ] absl.testing.parameterized.EnforceAPIPartialTree_matrix_coordination_Test.test_private_information_contents
[       OK ] absl.testing.parameterized.EnforceAPIPartialTree_matrix_coordination_Test.test_private_information_contents
[ RUN      ] absl.testing.parameterized.EnforceAPIPartialTree_matrix_coordination_Test.test_sequence_lengths
[       OK ] absl.testing.parameterized.EnforceAPIPartialTree_matrix_coordination_Test.test_sequence_lengths
[ RUN      ] absl.testing.parameterized.EnforceAPIPartialTree_matrix_mp_Test.test_legal_actions_returns_empty_list_on_opponent
[       OK ] absl.testing.parameterized.EnforceAPIPartialTree_matrix_mp_Test.test_legal_actions_returns_empty_list_on_opponent
[ RUN      ] absl.testing.parameterized.EnforceAPIPartialTree_matrix_mp_Test.test_no_invalid_public_observations
[       OK ] absl.testing.parameterized.EnforceAPIPartialTree_matrix_mp_Test.test_no_invalid_public_observations
[ RUN      ] absl.testing.parameterized.EnforceAPIPartialTree_matrix_mp_Test.test_observation_consistency
[       OK ] absl.testing.parameterized.EnforceAPIPartialTree_matrix_mp_Test.test_observation_consistency
[ RUN      ] absl.testing.parameterized.EnforceAPIPartialTree_matrix_mp_Test.test_observations_raises_error_on_invalid_player
[       OK ] absl.testing.parameterized.EnforceAPIPartialTree_matrix_mp_Test.test_observations_raises_error_on_invalid_player
[ RUN      ] absl.testing.parameterized.EnforceAPIPartialTree_matrix_mp_Test.test_private_information_contents
[       OK ] absl.testing.parameterized.EnforceAPIPartialTree_matrix_mp_Test.test_private_information_contents
[ RUN      ] absl.testing.parameterized.EnforceAPIPartialTree_matrix_mp_Test.test_sequence_lengths
[       OK ] absl.testing.parameterized.EnforceAPIPartialTree_matrix_mp_Test.test_sequence_lengths
[ RUN      ] absl.testing.parameterized.EnforceAPIPartialTree_tiny_bridge_2p_Test.test_legal_actions_returns_empty_list_on_opponent
[       OK ] absl.testing.parameterized.EnforceAPIPartialTree_tiny_bridge_2p_Test.test_legal_actions_returns_empty_list_on_opponent
[ RUN      ] absl.testing.parameterized.EnforceAPIPartialTree_tiny_bridge_2p_Test.test_no_invalid_public_observations
[       OK ] absl.testing.parameterized.EnforceAPIPartialTree_tiny_bridge_2p_Test.test_no_invalid_public_observations
[ RUN      ] absl.testing.parameterized.EnforceAPIPartialTree_tiny_bridge_2p_Test.test_observation_consistency
[       OK ] absl.testing.parameterized.EnforceAPIPartialTree_tiny_bridge_2p_Test.test_observation_consistency
[ RUN      ] absl.testing.parameterized.EnforceAPIPartialTree_tiny_bridge_2p_Test.test_observations_raises_error_on_invalid_player
[       OK ] absl.testing.parameterized.EnforceAPIPartialTree_tiny_bridge_2p_Test.test_observations_raises_error_on_invalid_player
[ RUN      ] absl.testing.parameterized.EnforceAPIPartialTree_tiny_bridge_2p_Test.test_private_information_contents
[       OK ] absl.testing.parameterized.EnforceAPIPartialTree_tiny_bridge_2p_Test.test_private_information_contents
[ RUN      ] absl.testing.parameterized.EnforceAPIPartialTree_tiny_bridge_2p_Test.test_sequence_lengths
[       OK ] absl.testing.parameterized.EnforceAPIPartialTree_tiny_bridge_2p_Test.test_sequence_lengths
[ RUN      ] absl.testing.parameterized.EnforceAPIPartialTree_laser_tag_Test.test_legal_actions_returns_empty_list_on_opponent
[       OK ] absl.testing.parameterized.EnforceAPIPartialTree_laser_tag_Test.test_legal_actions_returns_empty_list_on_opponent
[ RUN      ] absl.testing.parameterized.EnforceAPIPartialTree_laser_tag_Test.test_no_invalid_public_observations
[       OK ] absl.testing.parameterized.EnforceAPIPartialTree_laser_tag_Test.test_no_invalid_public_observations
[ RUN      ] absl.testing.parameterized.EnforceAPIPartialTree_laser_tag_Test.test_observation_consistency
[       OK ] absl.testing.parameterized.EnforceAPIPartialTree_laser_tag_Test.test_observation_consistency
[ RUN      ] absl.testing.parameterized.EnforceAPIPartialTree_laser_tag_Test.test_observations_raises_error_on_invalid_player
[       OK ] absl.testing.parameterized.EnforceAPIPartialTree_laser_tag_Test.test_observations_raises_error_on_invalid_player
[ RUN      ] absl.testing.parameterized.EnforceAPIPartialTree_laser_tag_Test.test_private_information_contents
[       OK ] absl.testing.parameterized.EnforceAPIPartialTree_laser_tag_Test.test_private_information_contents
[ RUN      ] absl.testing.parameterized.EnforceAPIPartialTree_laser_tag_Test.test_sequence_lengths
[       OK ] absl.testing.parameterized.EnforceAPIPartialTree_laser_tag_Test.test_sequence_lengths
[ RUN      ] absl.testing.parameterized.EnforceAPIPartialTree_sheriff_Test.test_legal_actions_returns_empty_list_on_opponent
[       OK ] absl.testing.parameterized.EnforceAPIPartialTree_sheriff_Test.test_legal_actions_returns_empty_list_on_opponent
[ RUN      ] absl.testing.parameterized.EnforceAPIPartialTree_sheriff_Test.test_no_invalid_public_observations
[       OK ] absl.testing.parameterized.EnforceAPIPartialTree_sheriff_Test.test_no_invalid_public_observations
[ RUN      ] absl.testing.parameterized.EnforceAPIPartialTree_sheriff_Test.test_observation_consistency
[       OK ] absl.testing.parameterized.EnforceAPIPartialTree_sheriff_Test.test_observation_consistency
[ RUN      ] absl.testing.parameterized.EnforceAPIPartialTree_sheriff_Test.test_observations_raises_error_on_invalid_player
[       OK ] absl.testing.parameterized.EnforceAPIPartialTree_sheriff_Test.test_observations_raises_error_on_invalid_player
[ RUN      ] absl.testing.parameterized.EnforceAPIPartialTree_sheriff_Test.test_private_information_contents
[       OK ] absl.testing.parameterized.EnforceAPIPartialTree_sheriff_Test.test_private_information_contents
[ RUN      ] absl.testing.parameterized.EnforceAPIPartialTree_sheriff_Test.test_sequence_lengths
[       OK ] absl.testing.parameterized.EnforceAPIPartialTree_sheriff_Test.test_sequence_lengths
[ RUN      ] absl.testing.parameterized.EnforceAPIPartialTree_stones_and_gems_Test.test_legal_actions_returns_empty_list_on_opponent
[       OK ] absl.testing.parameterized.EnforceAPIPartialTree_stones_and_gems_Test.test_legal_actions_returns_empty_list_on_opponent
[ RUN      ] absl.testing.parameterized.EnforceAPIPartialTree_stones_and_gems_Test.test_no_invalid_public_observations
[       OK ] absl.testing.parameterized.EnforceAPIPartialTree_stones_and_gems_Test.test_no_invalid_public_observations
[ RUN      ] absl.testing.parameterized.EnforceAPIPartialTree_stones_and_gems_Test.test_observation_consistency
[       OK ] absl.testing.parameterized.EnforceAPIPartialTree_stones_and_gems_Test.test_observation_consistency
[ RUN      ] absl.testing.parameterized.EnforceAPIPartialTree_stones_and_gems_Test.test_observations_raises_error_on_invalid_player
[       OK ] absl.testing.parameterized.EnforceAPIPartialTree_stones_and_gems_Test.test_observations_raises_error_on_invalid_player
[ RUN      ] absl.testing.parameterized.EnforceAPIPartialTree_stones_and_gems_Test.test_private_information_contents
[       OK ] absl.testing.parameterized.EnforceAPIPartialTree_stones_and_gems_Test.test_private_information_contents
[ RUN      ] absl.testing.parameterized.EnforceAPIPartialTree_stones_and_gems_Test.test_sequence_lengths
[       OK ] absl.testing.parameterized.EnforceAPIPartialTree_stones_and_gems_Test.test_sequence_lengths
[ RUN      ] absl.testing.parameterized.EnforceAPIPartialTree_coop_to_1p_Test.test_legal_actions_returns_empty_list_on_opponent
[       OK ] absl.testing.parameterized.EnforceAPIPartialTree_coop_to_1p_Test.test_legal_actions_returns_empty_list_on_opponent
[ RUN      ] absl.testing.parameterized.EnforceAPIPartialTree_coop_to_1p_Test.test_no_invalid_public_observations
[       OK ] absl.testing.parameterized.EnforceAPIPartialTree_coop_to_1p_Test.test_no_invalid_public_observations
[ RUN      ] absl.testing.parameterized.EnforceAPIPartialTree_coop_to_1p_Test.test_observation_consistency
[       OK ] absl.testing.parameterized.EnforceAPIPartialTree_coop_to_1p_Test.test_observation_consistency
[ RUN      ] absl.testing.parameterized.EnforceAPIPartialTree_coop_to_1p_Test.test_observations_raises_error_on_invalid_player
[       OK ] absl.testing.parameterized.EnforceAPIPartialTree_coop_to_1p_Test.test_observations_raises_error_on_invalid_player
[ RUN      ] absl.testing.parameterized.EnforceAPIPartialTree_coop_to_1p_Test.test_private_information_contents
[       OK ] absl.testing.parameterized.EnforceAPIPartialTree_coop_to_1p_Test.test_private_information_contents
[ RUN      ] absl.testing.parameterized.EnforceAPIPartialTree_coop_to_1p_Test.test_sequence_lengths
[       OK ] absl.testing.parameterized.EnforceAPIPartialTree_coop_to_1p_Test.test_sequence_lengths
[ RUN      ] absl.testing.parameterized.EnforceAPIPartialTree_hex_Test.test_legal_actions_returns_empty_list_on_opponent
[       OK ] absl.testing.parameterized.EnforceAPIPartialTree_hex_Test.test_legal_actions_returns_empty_list_on_opponent
[ RUN      ] absl.testing.parameterized.EnforceAPIPartialTree_hex_Test.test_no_invalid_public_observations
[       OK ] absl.testing.parameterized.EnforceAPIPartialTree_hex_Test.test_no_invalid_public_observations
[ RUN      ] absl.testing.parameterized.EnforceAPIPartialTree_hex_Test.test_observation_consistency
[       OK ] absl.testing.parameterized.EnforceAPIPartialTree_hex_Test.test_observation_consistency
[ RUN      ] absl.testing.parameterized.EnforceAPIPartialTree_hex_Test.test_observations_raises_error_on_invalid_player
[       OK ] absl.testing.parameterized.EnforceAPIPartialTree_hex_Test.test_observations_raises_error_on_invalid_player
[ RUN      ] absl.testing.parameterized.EnforceAPIPartialTree_hex_Test.test_private_information_contents
[       OK ] absl.testing.parameterized.EnforceAPIPartialTree_hex_Test.test_private_information_contents
[ RUN      ] absl.testing.parameterized.EnforceAPIPartialTree_hex_Test.test_sequence_lengths
[       OK ] absl.testing.parameterized.EnforceAPIPartialTree_hex_Test.test_sequence_lengths
[ RUN      ] absl.testing.parameterized.EnforceAPIPartialTree_matrix_rps_Test.test_legal_actions_returns_empty_list_on_opponent
[       OK ] absl.testing.parameterized.EnforceAPIPartialTree_matrix_rps_Test.test_legal_actions_returns_empty_list_on_opponent
[ RUN      ] absl.testing.parameterized.EnforceAPIPartialTree_matrix_rps_Test.test_no_invalid_public_observations
[       OK ] absl.testing.parameterized.EnforceAPIPartialTree_matrix_rps_Test.test_no_invalid_public_observations
[ RUN      ] absl.testing.parameterized.EnforceAPIPartialTree_matrix_rps_Test.test_observation_consistency
[       OK ] absl.testing.parameterized.EnforceAPIPartialTree_matrix_rps_Test.test_observation_consistency
[ RUN      ] absl.testing.parameterized.EnforceAPIPartialTree_matrix_rps_Test.test_observations_raises_error_on_invalid_player
[       OK ] absl.testing.parameterized.EnforceAPIPartialTree_matrix_rps_Test.test_observations_raises_error_on_invalid_player
[ RUN      ] absl.testing.parameterized.EnforceAPIPartialTree_matrix_rps_Test.test_private_information_contents
[       OK ] absl.testing.parameterized.EnforceAPIPartialTree_matrix_rps_Test.test_private_information_contents
[ RUN      ] absl.testing.parameterized.EnforceAPIPartialTree_matrix_rps_Test.test_sequence_lengths
[       OK ] absl.testing.parameterized.EnforceAPIPartialTree_matrix_rps_Test.test_sequence_lengths
[ RUN      ] absl.testing.parameterized.EnforceAPIPartialTree_coop_box_pushing_Test.test_legal_actions_returns_empty_list_on_opponent
[       OK ] absl.testing.parameterized.EnforceAPIPartialTree_coop_box_pushing_Test.test_legal_actions_returns_empty_list_on_opponent
[ RUN      ] absl.testing.parameterized.EnforceAPIPartialTree_coop_box_pushing_Test.test_no_invalid_public_observations
[       OK ] absl.testing.parameterized.EnforceAPIPartialTree_coop_box_pushing_Test.test_no_invalid_public_observations
[ RUN      ] absl.testing.parameterized.EnforceAPIPartialTree_coop_box_pushing_Test.test_observation_consistency
[       OK ] absl.testing.parameterized.EnforceAPIPartialTree_coop_box_pushing_Test.test_observation_consistency
[ RUN      ] absl.testing.parameterized.EnforceAPIPartialTree_coop_box_pushing_Test.test_observations_raises_error_on_invalid_player
[       OK ] absl.testing.parameterized.EnforceAPIPartialTree_coop_box_pushing_Test.test_observations_raises_error_on_invalid_player
[ RUN      ] absl.testing.parameterized.EnforceAPIPartialTree_coop_box_pushing_Test.test_private_information_contents
[       OK ] absl.testing.parameterized.EnforceAPIPartialTree_coop_box_pushing_Test.test_private_information_contents
[ RUN      ] absl.testing.parameterized.EnforceAPIPartialTree_coop_box_pushing_Test.test_sequence_lengths
[       OK ] absl.testing.parameterized.EnforceAPIPartialTree_coop_box_pushing_Test.test_sequence_lengths
[ RUN      ] absl.testing.parameterized.EnforceAPIPartialTree_tiny_hanabi_Test.test_legal_actions_returns_empty_list_on_opponent
[       OK ] absl.testing.parameterized.EnforceAPIPartialTree_tiny_hanabi_Test.test_legal_actions_returns_empty_list_on_opponent
[ RUN      ] absl.testing.parameterized.EnforceAPIPartialTree_tiny_hanabi_Test.test_no_invalid_public_observations
[       OK ] absl.testing.parameterized.EnforceAPIPartialTree_tiny_hanabi_Test.test_no_invalid_public_observations
[ RUN      ] absl.testing.parameterized.EnforceAPIPartialTree_tiny_hanabi_Test.test_observation_consistency
[       OK ] absl.testing.parameterized.EnforceAPIPartialTree_tiny_hanabi_Test.test_observation_consistency
[ RUN      ] absl.testing.parameterized.EnforceAPIPartialTree_tiny_hanabi_Test.test_observations_raises_error_on_invalid_player
[       OK ] absl.testing.parameterized.EnforceAPIPartialTree_tiny_hanabi_Test.test_observations_raises_error_on_invalid_player
[ RUN      ] absl.testing.parameterized.EnforceAPIPartialTree_tiny_hanabi_Test.test_private_information_contents
[       OK ] absl.testing.parameterized.EnforceAPIPartialTree_tiny_hanabi_Test.test_private_information_contents
[ RUN      ] absl.testing.parameterized.EnforceAPIPartialTree_tiny_hanabi_Test.test_sequence_lengths
[       OK ] absl.testing.parameterized.EnforceAPIPartialTree_tiny_hanabi_Test.test_sequence_lengths
[ RUN      ] absl.testing.parameterized.EnforceAPIPartialTree_dark_hex_Test.test_legal_actions_returns_empty_list_on_opponent
[       OK ] absl.testing.parameterized.EnforceAPIPartialTree_dark_hex_Test.test_legal_actions_returns_empty_list_on_opponent
[ RUN      ] absl.testing.parameterized.EnforceAPIPartialTree_dark_hex_Test.test_no_invalid_public_observations
[       OK ] absl.testing.parameterized.EnforceAPIPartialTree_dark_hex_Test.test_no_invalid_public_observations
[ RUN      ] absl.testing.parameterized.EnforceAPIPartialTree_dark_hex_Test.test_observation_consistency
[       OK ] absl.testing.parameterized.EnforceAPIPartialTree_dark_hex_Test.test_observation_consistency
[ RUN      ] absl.testing.parameterized.EnforceAPIPartialTree_dark_hex_Test.test_observations_raises_error_on_invalid_player
python3: /home/hayward-admin/bedir/open_spiel/open_spiel/../open_spiel/abseil-cpp/absl/types/span.h:278: auto absl::lts_2020_09_23::Span<float>::operator[](absl::lts_2020_09_23::Span::size_type)::(anonymous class)::operator()() const [T = float]: Assertion `false && "i < size()"' failed.
Fatal Python error: Aborted

Current thread 0x00007ff4dfbd3700 (most recent call first):
  File "open_spiel/integration_tests/api_test.py", line 325 in test_observations_raises_error_on_invalid_player
  File "/home/hayward-admin/anaconda3/lib/python3.6/unittest/case.py", line 605 in run
  File "/home/hayward-admin/anaconda3/lib/python3.6/unittest/case.py", line 653 in __call__
  File "/home/hayward-admin/anaconda3/lib/python3.6/unittest/suite.py", line 122 in run
  File "/home/hayward-admin/anaconda3/lib/python3.6/unittest/suite.py", line 84 in __call__
  File "/home/hayward-admin/anaconda3/lib/python3.6/unittest/suite.py", line 122 in run
  File "/home/hayward-admin/anaconda3/lib/python3.6/unittest/suite.py", line 84 in __call__
  File "/home/hayward-admin/anaconda3/lib/python3.6/unittest/runner.py", line 176 in run
  File "/home/hayward-admin/anaconda3/lib/python3.6/site-packages/absl/testing/_pretty_print_reporter.py", line 87 in run
  File "/home/hayward-admin/anaconda3/lib/python3.6/unittest/main.py", line 256 in runTests
  File "/home/hayward-admin/anaconda3/lib/python3.6/unittest/main.py", line 95 in __init__
  File "/home/hayward-admin/anaconda3/lib/python3.6/site-packages/absl/testing/absltest.py", line 2304 in _run_and_get_tests_result
  File "/home/hayward-admin/anaconda3/lib/python3.6/site-packages/absl/testing/absltest.py", line 2334 in run_tests
  File "/home/hayward-admin/anaconda3/lib/python3.6/site-packages/absl/testing/absltest.py", line 2055 in _run_in_app
  File "/home/hayward-admin/anaconda3/lib/python3.6/site-packages/absl/testing/absltest.py", line 1948 in main
  File "open_spiel/integration_tests/api_test.py", line 751 in main
  File "/home/hayward-admin/anaconda3/lib/python3.6/site-packages/absl/app.py", line 250 in _run_main
  File "/home/hayward-admin/anaconda3/lib/python3.6/site-packages/absl/app.py", line 299 in run
  File "open_spiel/integration_tests/api_test.py", line 756 in <module>
